<?xml version="1.0" encoding="UTF-8"?>
<!-- Generated by org.testng.reporters.JUnitReportReporter -->
<testsuite hostname="Serendipity" failures="0" tests="3" name="com.crm.qa.testcases.LoginPageTest" time="25.055" errors="0" timestamp="01 Mar 2024 11:02:32 GMT" skipped="0">
  <testcase classname="com.crm.qa.testcases.LoginPageTest" name="loginPageTitleTest" time="6.273"/>
  <testcase classname="com.crm.qa.testcases.LoginPageTest" name="crmLogoImageTest" time="6.183"/>
  <testcase classname="com.crm.qa.testcases.LoginPageTest" name="loginTest" time="12.599"/>
</testsuite> <!-- com.crm.qa.testcases.LoginPageTest -->
