<?xml version="1.0" encoding="UTF-8"?>
<!-- Generated by org.testng.reporters.JUnitReportReporter -->
<testsuite hostname="Serendipity" failures="0" tests="1" name="com.crm.qa.testcases.CheckoutStep2TestCase" time="3.968" errors="0" timestamp="02 Mar 2024 09:06:22 GMT" skipped="0">
  <testcase classname="com.crm.qa.testcases.CheckoutStep2TestCase" name="addingdetails" time="3.968"/>
</testsuite> <!-- com.crm.qa.testcases.CheckoutStep2TestCase -->
